This is pdfTeX, Version 3.141592653-2.6-1.40.28 (TeX Live 2025) (preloaded format=pdflatex 2025.12.19)  22 DEC 2025 16:02
entering extended mode
 restricted \write18 enabled.
 %&-line parsing enabled.
**main6
(./main6.tex
LaTeX2e <2025-11-01>
L3 programming layer <2025-11-14>
(c:/texlive/2025/texmf-dist/tex/latex/base/article.cls
Document Class: article 2025/01/22 v1.4n Standard LaTeX document class
(c:/texlive/2025/texmf-dist/tex/latex/base/size10.clo
File: size10.clo 2025/01/22 v1.4n Standard LaTeX file (size option)
)
\c@part=\count275
\c@section=\count276
\c@subsection=\count277
\c@subsubsection=\count278
\c@paragraph=\count279
\c@subparagraph=\count280
\c@figure=\count281
\c@table=\count282
\abovecaptionskip=\skip49
\belowcaptionskip=\skip50
\bibindent=\dimen148
)
(c:/texlive/2025/texmf-dist/tex/latex/base/fontenc.sty
Package: fontenc 2025/07/18 v2.1d Standard LaTeX package
)
(c:/texlive/2025/texmf-dist/tex/latex/natbib/natbib.sty
Package: natbib 2010/09/13 8.31b (PWD, AO)
\bibhang=\skip51
\bibsep=\skip52
LaTeX Info: Redefining \cite on input line 694.
\c@NAT@ctr=\count283
)

LaTeX Info: File `learnlatex.bib' already exists on the system.
            Not generating it from this source.

(c:/texlive/2025/texmf-dist/tex/latex/l3backend/l3backend-pdftex.def
File: l3backend-pdftex.def 2025-10-09 L3 backend support: PDF output (pdfTeX)
\l__color_backend_stack_int=\count284
)
(./main6.aux)
\openout1 = `main6.aux'.

LaTeX Font Info:    Checking defaults for OML/cmm/m/it on input line 36.
LaTeX Font Info:    ... okay on input line 36.
LaTeX Font Info:    Checking defaults for OMS/cmsy/m/n on input line 36.
LaTeX Font Info:    ... okay on input line 36.
LaTeX Font Info:    Checking defaults for OT1/cmr/m/n on input line 36.
LaTeX Font Info:    ... okay on input line 36.
LaTeX Font Info:    Checking defaults for T1/cmr/m/n on input line 36.
LaTeX Font Info:    ... okay on input line 36.
LaTeX Font Info:    Checking defaults for TS1/cmr/m/n on input line 36.
LaTeX Font Info:    ... okay on input line 36.
LaTeX Font Info:    Checking defaults for OMX/cmex/m/n on input line 36.
LaTeX Font Info:    ... okay on input line 36.
LaTeX Font Info:    Checking defaults for U/cmr/m/n on input line 36.
LaTeX Font Info:    ... okay on input line 36.
LaTeX Font Info:    Font shape `T1/cmtt/bx/n' in size <14.4> not available
(Font)              Font shape `T1/cmtt/m/n' tried instead on input line 38.


Package natbib Warning: Citation `NotInDatabase' on page 1 undefined on input l
ine 53.

(./main6.bbl)

Package natbib Warning: There were undefined citations.

[1

{c:/texlive/2025/texmf-var/fonts/map/pdftex/updmap/pdftex.map}] (./main6.aux)
 ***********
LaTeX2e <2025-11-01>
L3 programming layer <2025-11-14>
 ***********
 ) 
Here is how much of TeX's memory you used:
 1041 strings out of 468952
 14679 string characters out of 5461133
 438733 words of memory out of 5000000
 29769 multiletter control sequences out of 15000+600000
 633655 words of font info for 49 fonts, out of 8000000 for 9000
 452 hyphenation exceptions out of 8191
 35i,5n,39p,144b,322s stack positions out of 10000i,1000n,20000p,200000b,200000s
 <c:/Users/kotof/.texlive2025/texmf-var/fonts/pk/ljfour/jknappen/ec/ecti1000.
600pk> <c:/Users/kotof/.texlive2025/texmf-var/fonts/pk/ljfour/jknappen/ec/ecbx1
000.600pk> <c:/Users/kotof/.texlive2025/texmf-var/fonts/pk/ljfour/jknappen/ec/e
ctt1000.600pk> <c:/Users/kotof/.texlive2025/texmf-var/fonts/pk/ljfour/jknappen/
ec/ecrm1000.600pk> <c:/Users/kotof/.texlive2025/texmf-var/fonts/pk/ljfour/jknap
pen/ec/ecbx1200.600pk> <c:/Users/kotof/.texlive2025/texmf-var/fonts/pk/ljfour/j
knappen/ec/ectt1440.600pk> <c:/Users/kotof/.texlive2025/texmf-var/fonts/pk/ljfo
ur/jknappen/ec/ecbx1440.600pk>
Output written on main6.pdf (1 page, 51575 bytes).
PDF statistics:
 201 PDF objects out of 1000 (max. 8388607)
 32 compressed objects within 1 object stream
 0 named destinations out of 1000 (max. 500000)
 1 words of extra memory for PDF output out of 10000 (max. 10000000)

