This is pdfTeX, Version 3.141592653-2.6-1.40.28 (TeX Live 2025) (preloaded format=pdflatex 2025.12.19)  22 DEC 2025 15:09
entering extended mode
 restricted \write18 enabled.
 %&-line parsing enabled.
**C:/Users/kotof/Study/SciWriting/ex5/main5.tex
(c:/Users/kotof/Study/SciWriting/ex5/main5.tex
LaTeX2e <2025-11-01>
L3 programming layer <2025-11-14>
(c:/texlive/2025/texmf-dist/tex/latex/base/article.cls
Document Class: article 2025/01/22 v1.4n Standard LaTeX document class
(c:/texlive/2025/texmf-dist/tex/latex/base/size10.clo
File: size10.clo 2025/01/22 v1.4n Standard LaTeX file (size option)
)
\c@part=\count275
\c@section=\count276
\c@subsection=\count277
\c@subsubsection=\count278
\c@paragraph=\count279
\c@subparagraph=\count280
\c@figure=\count281
\c@table=\count282
\abovecaptionskip=\skip49
\belowcaptionskip=\skip50
\bibindent=\dimen148
)
(c:/texlive/2025/texmf-dist/tex/latex/base/fontenc.sty
Package: fontenc 2025/07/18 v2.1d Standard LaTeX package
)
(c:/texlive/2025/texmf-dist/tex/latex/tools/array.sty
Package: array 2025/09/25 v2.6n Tabular extension package (FMi)
\col@sep=\dimen149
\ar@mcellbox=\box53
\extrarowheight=\dimen150
\NC@list=\toks17
\extratabsurround=\skip51
\backup@length=\skip52
\ar@cellbox=\box54
)
(c:/texlive/2025/texmf-dist/tex/latex/booktabs/booktabs.sty
Package: booktabs 2020/01/12 v1.61803398 Publication quality tables
\heavyrulewidth=\dimen151
\lightrulewidth=\dimen152
\cmidrulewidth=\dimen153
\belowrulesep=\dimen154
\belowbottomsep=\dimen155
\aboverulesep=\dimen156
\abovetopsep=\dimen157
\cmidrulesep=\dimen158
\cmidrulekern=\dimen159
\defaultaddspace=\dimen160
\@cmidla=\count283
\@cmidlb=\count284
\@aboverulesep=\dimen161
\@belowrulesep=\dimen162
\@thisruleclass=\count285
\@lastruleclass=\count286
\@thisrulewidth=\dimen163
)
(c:/texlive/2025/texmf-dist/tex/latex/l3backend/l3backend-pdftex.def
File: l3backend-pdftex.def 2025-10-09 L3 backend support: PDF output (pdfTeX)
\l__color_backend_stack_int=\count287
)
No file main5.aux.
\openout1 = `main5.aux'.

LaTeX Font Info:    Checking defaults for OML/cmm/m/it on input line 6.
LaTeX Font Info:    ... okay on input line 6.
LaTeX Font Info:    Checking defaults for OMS/cmsy/m/n on input line 6.
LaTeX Font Info:    ... okay on input line 6.
LaTeX Font Info:    Checking defaults for OT1/cmr/m/n on input line 6.
LaTeX Font Info:    ... okay on input line 6.
LaTeX Font Info:    Checking defaults for T1/cmr/m/n on input line 6.
LaTeX Font Info:    ... okay on input line 6.
LaTeX Font Info:    Checking defaults for TS1/cmr/m/n on input line 6.
LaTeX Font Info:    ... okay on input line 6.
LaTeX Font Info:    Checking defaults for OMX/cmex/m/n on input line 6.
LaTeX Font Info:    ... okay on input line 6.
LaTeX Font Info:    Checking defaults for U/cmr/m/n on input line 6.
LaTeX Font Info:    ... okay on input line 6.
LaTeX Font Info:    External font `cmex10' loaded for size
(Font)              <7> on input line 12.
LaTeX Font Info:    External font `cmex10' loaded for size
(Font)              <5> on input line 12.
LaTeX Font Info:    Font shape `T1/cmtt/bx/n' in size <12> not available
(Font)              Font shape `T1/cmtt/m/n' tried instead on input line 21.

Overfull \hbox (6.66412pt too wide) in paragraph at lines 79--79
[]\T1/cmtt/m/n/10 dog    & meat & medium & EXTRA \\ % too many cells (4 instead
 of 3)[] 
 []

[1

{c:/texlive/2025/texmf-var/fonts/map/pdftex/updmap/pdftex.map}]
Overfull \hbox (0.77383pt too wide) in paragraph at lines 85--85
[]\T1/cmr/bx/n/12 5) Ex-per-i-ment with \T1/cmtt/m/n/12 \multicolumn \T1/cmr/bx
/n/12 (span-ning across columns) 
 []

LaTeX Font Info:    Font shape `T1/cmtt/bx/n' in size <10> not available
(Font)              Font shape `T1/cmtt/m/n' tried instead on input line 101.

Overfull \hbox (9.90916pt too wide) in paragraph at lines 101--101
[]\T1/cmr/bx/n/10 5.2) Over-ride for-mat-ting in a sin-gle cell us-ing \T1/cmtt
/m/n/10 \multicolumn{1}{...}{...} 
 []

[2] (./main5.aux)
 ***********
LaTeX2e <2025-11-01>
L3 programming layer <2025-11-14>
 ***********
 ) 
Here is how much of TeX's memory you used:
 816 strings out of 468952
 12352 string characters out of 5461133
 442733 words of memory out of 5000000
 29546 multiletter control sequences out of 15000+600000
 633655 words of font info for 49 fonts, out of 8000000 for 9000
 452 hyphenation exceptions out of 8191
 35i,7n,38p,196b,329s stack positions out of 10000i,1000n,20000p,200000b,200000s
 <c:/Users/kotof/.texlive2025/texmf-var/fonts/pk/ljfour/jknappen/ec/ectt1000.
600pk> <c:/Users/kotof/.texlive2025/texmf-var/fonts/pk/ljfour/jknappen/ec/ecbx1
000.600pk> <c:/Users/kotof/.texlive2025/texmf-var/fonts/pk/ljfour/jknappen/ec/e
cti1000.600pk> <c:/Users/kotof/.texlive2025/texmf-var/fonts/pk/ljfour/jknappen/
ec/ectt1200.600pk> <c:/Users/kotof/.texlive2025/texmf-var/fonts/pk/ljfour/jknap
pen/ec/ecrm1000.600pk> <c:/Users/kotof/.texlive2025/texmf-var/fonts/pk/ljfour/j
knappen/ec/ecbx1200.600pk> <c:/Users/kotof/.texlive2025/texmf-var/fonts/pk/ljfo
ur/jknappen/ec/ecbx1440.600pk><c:/texlive/2025/texmf-dist/fonts/type1/public/am
sfonts/cm/cmr10.pfb>
Output written on main5.pdf (2 pages, 68823 bytes).
PDF statistics:
 242 PDF objects out of 1000 (max. 8388607)
 37 compressed objects within 1 object stream
 0 named destinations out of 1000 (max. 500000)
 1 words of extra memory for PDF output out of 10000 (max. 10000000)

