This is pdfTeX, Version 3.141592653-2.6-1.40.28 (TeX Live 2025) (preloaded format=pdflatex 2025.12.19)  8 JAN 2026 19:36
entering extended mode
 restricted \write18 enabled.
 %&-line parsing enabled.
**main_ru.tex
(c:/texlive/2025/texmf-dist/tex/latex/tools/x.tex
LaTeX2e <2025-11-01>
L3 programming layer <2025-11-14>

! .
l.38   \batchmode \errmessage{}
                               \csname @@end\endcsname \end
This error message was generated by an \errmessage
command, so I can't give any explicit help.
Pretend that you're Hercule Poirot: Examine all clues,
and deduce the truth by order and method.

 ) 
Here is how much of TeX's memory you used:
 17 strings out of 468952
 455 string characters out of 5461133
 433733 words of memory out of 5000000
 28782 multiletter control sequences out of 15000+600000
 627721 words of font info for 40 fonts, out of 8000000 for 9000
 452 hyphenation exceptions out of 8191
 12i,0n,13p,91b,8s stack positions out of 10000i,1000n,20000p,200000b,200000s

No pages of output.
PDF statistics:
 0 PDF objects out of 1000 (max. 8388607)
 0 named destinations out of 1000 (max. 500000)
 1 words of extra memory for PDF output out of 10000 (max. 10000000)

